<testsuites id="" name="" tests="1040" failures="0" skipped="1040" errors="0" time="11.313047000000001">
<testsuite name="admin\dashboard.e2e.test.ts" timestamp="2026-03-09T00:30:08.032Z" hostname="chromium" tests="28" failures="0" skipped="28" time="0" errors="0">
<testcase name="Admin Dashboard › Dashboard Overview › should display admin dashboard with statistics" classname="admin\dashboard.e2e.test.ts" time="0">
<skipped>
</skipped>
</testcase>
<testcase name="Admin Dashboard › Dashboard Overview › should show recent activity feed" classname="admin\dashboard.e2e.test.ts" time="0">
<skipped>
</skipped>
</testcase>
<testcase name="Admin Dashboard › Dashboard Overview › should navigate to different admin sections" classname="admin\dashboard.e2e.test.ts" time="0">
<skipped>
</skipped>
</testcase>
<testcase name="Admin Dashboard › Session Management › should display list of all sessions" classname="admin\dashboard.e2e.test.ts" time="0">
<skipped>
</skipped>
</testcase>
<testcase name="Admin Dashboard › Session Management › should filter sessions by status" classname="admin\dashboard.e2e.test.ts" time="0">
<skipped>
</skipped>
</testcase>
<testcase name="Admin Dashboard › Session Management › should search sessions by user email" classname="admin\dashboard.e2e.test.ts" time="0">
<skipped>
</skipped>
</testcase>
<testcase name="Admin Dashboard › Session Management › should view session details" classname="admin\dashboard.e2e.test.ts" time="0">
<skipped>
</skipped>
</testcase>
<testcase name="Admin Dashboard › Session Management › should export sessions to CSV" classname="admin\dashboard.e2e.test.ts" time="0">
<skipped>
</skipped>
</testcase>
<testcase name="Admin Dashboard › Approval Workflow › should display pending approvals list" classname="admin\dashboard.e2e.test.ts" time="0">
<skipped>
</skipped>
</testcase>
<testcase name="Admin Dashboard › Approval Workflow › should view approval request details" classname="admin\dashboard.e2e.test.ts" time="0">
<skipped>
</skipped>
</testcase>
<testcase name="Admin Dashboard › Approval Workflow › should approve a pending request" classname="admin\dashboard.e2e.test.ts" time="0">
<skipped>
</skipped>
</testcase>
<testcase name="Admin Dashboard › Approval Workflow › should reject a pending request" classname="admin\dashboard.e2e.test.ts" time="0">
<skipped>
</skipped>
</testcase>
<testcase name="Admin Dashboard › Approval Workflow › should filter approvals by type" classname="admin\dashboard.e2e.test.ts" time="0">
<skipped>
</skipped>
</testcase>
<testcase name="Admin Dashboard › User Management › should display users list" classname="admin\dashboard.e2e.test.ts" time="0">
<skipped>
</skipped>
</testcase>
<testcase name="Admin Dashboard › User Management › should search users by email" classname="admin\dashboard.e2e.test.ts" time="0">
<skipped>
</skipped>
</testcase>
<testcase name="Admin Dashboard › User Management › should view user details" classname="admin\dashboard.e2e.test.ts" time="0">
<skipped>
</skipped>
</testcase>
<testcase name="Admin Dashboard › User Management › should change user role" classname="admin\dashboard.e2e.test.ts" time="0">
<skipped>
</skipped>
</testcase>
<testcase name="Admin Dashboard › User Management › should deactivate user account" classname="admin\dashboard.e2e.test.ts" time="0">
<skipped>
</skipped>
</testcase>
<testcase name="Admin Dashboard › User Management › should filter users by role" classname="admin\dashboard.e2e.test.ts" time="0">
<skipped>
</skipped>
</testcase>
<testcase name="Admin Dashboard › Audit Log › should display audit log" classname="admin\dashboard.e2e.test.ts" time="0">
<skipped>
</skipped>
</testcase>
<testcase name="Admin Dashboard › Audit Log › should filter audit log by action type" classname="admin\dashboard.e2e.test.ts" time="0">
<skipped>
</skipped>
</testcase>
<testcase name="Admin Dashboard › Audit Log › should filter audit log by date range" classname="admin\dashboard.e2e.test.ts" time="0">
<skipped>
</skipped>
</testcase>
<testcase name="Admin Dashboard › Audit Log › should export audit log" classname="admin\dashboard.e2e.test.ts" time="0">
<skipped>
</skipped>
</testcase>
<testcase name="Admin Dashboard › System Settings › should display system settings" classname="admin\dashboard.e2e.test.ts" time="0">
<skipped>
</skipped>
</testcase>
<testcase name="Admin Dashboard › System Settings › should update email settings" classname="admin\dashboard.e2e.test.ts" time="0">
<skipped>
</skipped>
</testcase>
<testcase name="Admin Dashboard › System Settings › should test email configuration" classname="admin\dashboard.e2e.test.ts" time="0">
<skipped>
</skipped>
</testcase>
<testcase name="Admin Dashboard › Access Control › should deny access to non-admin users" classname="admin\dashboard.e2e.test.ts" time="0">
<skipped>
</skipped>
</testcase>
<testcase name="Admin Dashboard › Access Control › should allow moderator limited access" classname="admin\dashboard.e2e.test.ts" time="0">
<skipped>
</skipped>
</testcase>
</testsuite>
<testsuite name="auth\login.e2e.test.ts" timestamp="2026-03-09T00:30:08.032Z" hostname="chromium" tests="24" failures="0" skipped="24" time="0" errors="0">
<testcase name="User Login Flow › should display login form with all required fields" classname="auth\login.e2e.test.ts" time="0">
<skipped>
</skipped>
</testcase>
<testcase name="User Login Flow › should successfully login with valid credentials" classname="auth\login.e2e.test.ts" time="0">
<skipped>
</skipped>
</testcase>
<testcase name="User Login Flow › should show error for invalid credentials" classname="auth\login.e2e.test.ts" time="0">
<skipped>
</skipped>
</testcase>
<testcase name="User Login Flow › should show error for non-existent email" classname="auth\login.e2e.test.ts" time="0">
<skipped>
</skipped>
</testcase>
<testcase name="User Login Flow › should validate email format" classname="auth\login.e2e.test.ts" time="0">
<skipped>
</skipped>
</testcase>
<testcase name="User Login Flow › should require password field" classname="auth\login.e2e.test.ts" time="0">
<skipped>
</skipped>
</testcase>
<testcase name="User Login Flow › should navigate to registration page" classname="auth\login.e2e.test.ts" time="0">
<skipped>
</skipped>
</testcase>
<testcase name="User Login Flow › should navigate to forgot password page" classname="auth\login.e2e.test.ts" time="0">
<skipped>
</skipped>
</testcase>
<testcase name="User Login Flow › should show remember me option" classname="auth\login.e2e.test.ts" time="0">
<skipped>
</skipped>
</testcase>
<testcase name="Session Management › should persist session after page reload" classname="auth\login.e2e.test.ts" time="0">
<skipped>
</skipped>
</testcase>
<testcase name="Session Management › should logout successfully" classname="auth\login.e2e.test.ts" time="0">
<skipped>
</skipped>
</testcase>
<testcase name="Session Management › should redirect to login when accessing protected route without auth" classname="auth\login.e2e.test.ts" time="0">
<skipped>
</skipped>
</testcase>
<testcase name="Session Management › should redirect to intended page after login" classname="auth\login.e2e.test.ts" time="0">
<skipped>
</skipped>
</testcase>
<testcase name="Session Management › should display user information in header" classname="auth\login.e2e.test.ts" time="0">
<skipped>
</skipped>
</testcase>
<testcase name="Session Management › should handle session expiration gracefully" classname="auth\login.e2e.test.ts" time="0">
<skipped>
</skipped>
</testcase>
<testcase name="Password Reset Flow › should display password reset form" classname="auth\login.e2e.test.ts" time="0">
<skipped>
</skipped>
</testcase>
<testcase name="Password Reset Flow › should send password reset email" classname="auth\login.e2e.test.ts" time="0">
<skipped>
</skipped>
</testcase>
<testcase name="Password Reset Flow › should validate email format for reset" classname="auth\login.e2e.test.ts" time="0">
<skipped>
</skipped>
</testcase>
<testcase name="Password Reset Flow › should navigate back to login" classname="auth\login.e2e.test.ts" time="0">
<skipped>
</skipped>
</testcase>
<testcase name="Password Reset Flow › should handle reset token flow" classname="auth\login.e2e.test.ts" time="0">
<skipped>
</skipped>
</testcase>
<testcase name="Password Reset Flow › should validate new password requirements" classname="auth\login.e2e.test.ts" time="0">
<skipped>
</skipped>
</testcase>
<testcase name="Password Reset Flow › should handle invalid reset token" classname="auth\login.e2e.test.ts" time="0">
<skipped>
</skipped>
</testcase>
<testcase name="Admin Login › should allow admin to access admin panel" classname="auth\login.e2e.test.ts" time="0">
<skipped>
</skipped>
</testcase>
<testcase name="Admin Login › should deny regular user from admin panel" classname="auth\login.e2e.test.ts" time="0">
<skipped>
</skipped>
</testcase>
</testsuite>
<testsuite name="auth\registration.e2e.test.ts" timestamp="2026-03-09T00:30:08.032Z" hostname="chromium" tests="17" failures="0" skipped="17" time="0" errors="0">
<testcase name="User Registration › should display registration form" classname="auth\registration.e2e.test.ts" time="0">
<skipped>
</skipped>
</testcase>
<testcase name="User Registration › should validate required fields" classname="auth\registration.e2e.test.ts" time="0">
<skipped>
</skipped>
</testcase>
<testcase name="User Registration › should validate email format" classname="auth\registration.e2e.test.ts" time="0">
<skipped>
</skipped>
</testcase>
<testcase name="User Registration › should validate password strength" classname="auth\registration.e2e.test.ts" time="0">
<skipped>
</skipped>
</testcase>
<testcase name="User Registration › should register new user successfully" classname="auth\registration.e2e.test.ts" time="0">
<skipped>
</skipped>
</testcase>
<testcase name="User Registration › should show error for duplicate email" classname="auth\registration.e2e.test.ts" time="0">
<skipped>
</skipped>
</testcase>
<testcase name="User Registration › should have link to login page" classname="auth\registration.e2e.test.ts" time="0">
<skipped>
</skipped>
</testcase>
<testcase name="User Login › should display login form" classname="auth\registration.e2e.test.ts" time="0">
<skipped>
</skipped>
</testcase>
<testcase name="User Login › should validate required fields" classname="auth\registration.e2e.test.ts" time="0">
<skipped>
</skipped>
</testcase>
<testcase name="User Login › should show error for invalid credentials" classname="auth\registration.e2e.test.ts" time="0">
<skipped>
</skipped>
</testcase>
<testcase name="User Login › should login successfully with valid credentials" classname="auth\registration.e2e.test.ts" time="0">
<skipped>
</skipped>
</testcase>
<testcase name="User Login › should have forgot password link" classname="auth\registration.e2e.test.ts" time="0">
<skipped>
</skipped>
</testcase>
<testcase name="User Login › should have link to register page" classname="auth\registration.e2e.test.ts" time="0">
<skipped>
</skipped>
</testcase>
<testcase name="User Logout › should logout successfully" classname="auth\registration.e2e.test.ts" time="0">
<skipped>
</skipped>
</testcase>
<testcase name="Protected Routes › should redirect unauthenticated users to login" classname="auth\registration.e2e.test.ts" time="0">
<skipped>
</skipped>
</testcase>
<testcase name="Protected Routes › should allow authenticated users to access protected routes" classname="auth\registration.e2e.test.ts" time="0">
<skipped>
</skipped>
</testcase>
<testcase name="Session Persistence › should maintain session after page reload" classname="auth\registration.e2e.test.ts" time="0">
<skipped>
</skipped>
</testcase>
</testsuite>
<testsuite name="chat\chat-flow.e2e.test.ts" timestamp="2026-03-09T00:30:08.032Z" hostname="chromium" tests="17" failures="0" skipped="17" time="0" errors="0">
<testcase name="Chat Interface › should display chat interface" classname="chat\chat-flow.e2e.test.ts" time="0">
<skipped>
</skipped>
</testcase>
<testcase name="Chat Interface › should show message input field" classname="chat\chat-flow.e2e.test.ts" time="0">
<skipped>
</skipped>
</testcase>
<testcase name="Chat Interface › should show send button" classname="chat\chat-flow.e2e.test.ts" time="0">
<skipped>
</skipped>
</testcase>
<testcase name="Chat Interface › should display initial AI greeting" classname="chat\chat-flow.e2e.test.ts" time="0">
<skipped>
</skipped>
</testcase>
<testcase name="Sending Messages › should send a message" classname="chat\chat-flow.e2e.test.ts" time="0">
<skipped>
</skipped>
</testcase>
<testcase name="Sending Messages › should receive AI response" classname="chat\chat-flow.e2e.test.ts" time="0">
<skipped>
</skipped>
</testcase>
<testcase name="Sending Messages › should send message with Enter key" classname="chat\chat-flow.e2e.test.ts" time="0">
<skipped>
</skipped>
</testcase>
<testcase name="Sending Messages › should disable input while AI is responding" classname="chat\chat-flow.e2e.test.ts" time="0">
<skipped>
</skipped>
</testcase>
<testcase name="Message History › should persist message history on reload" classname="chat\chat-flow.e2e.test.ts" time="0">
<skipped>
</skipped>
</testcase>
<testcase name="Message History › should show conversation thread" classname="chat\chat-flow.e2e.test.ts" time="0">
<skipped>
</skipped>
</testcase>
<testcase name="Message Limit › should display message limit indicator" classname="chat\chat-flow.e2e.test.ts" time="0">
<skipped>
</skipped>
</testcase>
<testcase name="Message Limit › should warn when approaching limit" classname="chat\chat-flow.e2e.test.ts" time="0">
<skipped>
</skipped>
</testcase>
<testcase name="Fact Extraction Display › should display extracted facts panel" classname="chat\chat-flow.e2e.test.ts" time="0">
<skipped>
</skipped>
</testcase>
<testcase name="Quality Score Updates › should show quality score indicator" classname="chat\chat-flow.e2e.test.ts" time="0">
<skipped>
</skipped>
</testcase>
<testcase name="Error Handling › should handle empty message gracefully" classname="chat\chat-flow.e2e.test.ts" time="0">
<skipped>
</skipped>
</testcase>
<testcase name="Error Handling › should show error state on network failure" classname="chat\chat-flow.e2e.test.ts" time="0">
<skipped>
</skipped>
</testcase>
<testcase name="Streaming Response › should show typing/streaming indicator" classname="chat\chat-flow.e2e.test.ts" time="0">
<skipped>
</skipped>
</testcase>
</testsuite>
<testsuite name="document-generation\generation-flow.e2e.test.ts" timestamp="2026-03-09T00:30:08.032Z" hostname="chromium" tests="13" failures="0" skipped="13" time="0" errors="0">
<testcase name="Document Generation Flow › Document Menu › should display available document types" classname="document-generation\generation-flow.e2e.test.ts" time="0">
<skipped>
</skipped>
</testcase>
<testcase name="Document Generation Flow › Document Menu › should show pricing for document types" classname="document-generation\generation-flow.e2e.test.ts" time="0">
<skipped>
</skipped>
</testcase>
<testcase name="Document Generation Flow › Document Menu › should show quality level options" classname="document-generation\generation-flow.e2e.test.ts" time="0">
<skipped>
</skipped>
</testcase>
<testcase name="Document Generation Flow › Document Menu › should indicate document availability based on facts" classname="document-generation\generation-flow.e2e.test.ts" time="0">
<skipped>
</skipped>
</testcase>
<testcase name="Document Generation Flow › Document Selection › should be able to select a document type" classname="document-generation\generation-flow.e2e.test.ts" time="0">
<skipped>
</skipped>
</testcase>
<testcase name="Document Generation Flow › Document Selection › should be able to select quality level" classname="document-generation\generation-flow.e2e.test.ts" time="0">
<skipped>
</skipped>
</testcase>
<testcase name="Document Generation Flow › Document Selection › should show price calculation based on quality" classname="document-generation\generation-flow.e2e.test.ts" time="0">
<skipped>
</skipped>
</testcase>
<testcase name="Document Generation Flow › Checkout Flow › should display checkout button" classname="document-generation\generation-flow.e2e.test.ts" time="0">
<skipped>
</skipped>
</testcase>
<testcase name="Document Generation Flow › Checkout Flow › should navigate to payment page on checkout" classname="document-generation\generation-flow.e2e.test.ts" time="0">
<skipped>
</skipped>
</testcase>
<testcase name="Document Generation Flow › Generated Documents › should display list of purchased documents" classname="document-generation\generation-flow.e2e.test.ts" time="0">
<skipped>
</skipped>
</testcase>
<testcase name="Document Generation Flow › Generated Documents › should have download button for generated documents" classname="document-generation\generation-flow.e2e.test.ts" time="0">
<skipped>
</skipped>
</testcase>
<testcase name="Document Preview › should display document preview" classname="document-generation\generation-flow.e2e.test.ts" time="0">
<skipped>
</skipped>
</testcase>
<testcase name="Document Formats › should offer multiple download formats (PDF, DOCX)" classname="document-generation\generation-flow.e2e.test.ts" time="0">
<skipped>
</skipped>
</testcase>
</testsuite>
<testsuite name="document-generation\generation.e2e.test.ts" timestamp="2026-03-09T00:30:08.032Z" hostname="chromium" tests="27" failures="0" skipped="27" time="0" errors="0">
<testcase name="Document Generation Flow › Technology Roadmap Generation › should display document generation page" classname="document-generation\generation.e2e.test.ts" time="0">
<skipped>
</skipped>
</testcase>
<testcase name="Document Generation Flow › Technology Roadmap Generation › should show available document templates" classname="document-generation\generation.e2e.test.ts" time="0">
<skipped>
</skipped>
</testcase>
<testcase name="Document Generation Flow › Technology Roadmap Generation › should generate Technology Roadmap document" classname="document-generation\generation.e2e.test.ts" time="0">
<skipped>
</skipped>
</testcase>
<testcase name="Document Generation Flow › Technology Roadmap Generation › should download generated Technology Roadmap" classname="document-generation\generation.e2e.test.ts" time="0">
<skipped>
</skipped>
</testcase>
<testcase name="Document Generation Flow › Business Plan Generation › should generate Business Plan document" classname="document-generation\generation.e2e.test.ts" time="0">
<skipped>
</skipped>
</testcase>
<testcase name="Document Generation Flow › Business Plan Generation › should include financial projections in Business Plan" classname="document-generation\generation.e2e.test.ts" time="0">
<skipped>
</skipped>
</testcase>
<testcase name="Document Generation Flow › Business Plan Generation › should select different output formats" classname="document-generation\generation.e2e.test.ts" time="0">
<skipped>
</skipped>
</testcase>
<testcase name="Document Generation Flow › Policy Pack Generation › should generate Policy Pack with all policies" classname="document-generation\generation.e2e.test.ts" time="0">
<skipped>
</skipped>
</testcase>
<testcase name="Document Generation Flow › Policy Pack Generation › should select individual policies for generation" classname="document-generation\generation.e2e.test.ts" time="0">
<skipped>
</skipped>
</testcase>
<testcase name="Document Generation Flow › Policy Pack Generation › should include control mappings in Policy Pack" classname="document-generation\generation.e2e.test.ts" time="0">
<skipped>
</skipped>
</testcase>
<testcase name="Document Generation Flow › Full Deliverables ZIP › should generate full deliverables package" classname="document-generation\generation.e2e.test.ts" time="0">
<skipped>
</skipped>
</testcase>
<testcase name="Document Generation Flow › Full Deliverables ZIP › should download full deliverables as ZIP" classname="document-generation\generation.e2e.test.ts" time="0">
<skipped>
</skipped>
</testcase>
<testcase name="Document Generation Flow › Full Deliverables ZIP › should show deliverables contents before download" classname="document-generation\generation.e2e.test.ts" time="0">
<skipped>
</skipped>
</testcase>
<testcase name="Document Generation Flow › Full Deliverables ZIP › should customize deliverables package contents" classname="document-generation\generation.e2e.test.ts" time="0">
<skipped>
</skipped>
</testcase>
<testcase name="Document Generation Flow › Document Preview › should preview document before download" classname="document-generation\generation.e2e.test.ts" time="0">
<skipped>
</skipped>
</testcase>
<testcase name="Document Generation Flow › Document Preview › should navigate through multi-page preview" classname="document-generation\generation.e2e.test.ts" time="0">
<skipped>
</skipped>
</testcase>
<testcase name="Document Generation Flow › Document Preview › should close preview modal" classname="document-generation\generation.e2e.test.ts" time="0">
<skipped>
</skipped>
</testcase>
<testcase name="Document Generation Flow › Generation History › should display generation history" classname="document-generation\generation.e2e.test.ts" time="0">
<skipped>
</skipped>
</testcase>
<testcase name="Document Generation Flow › Generation History › should re-download previously generated document" classname="document-generation\generation.e2e.test.ts" time="0">
<skipped>
</skipped>
</testcase>
<testcase name="Document Generation Flow › Generation History › should filter generation history by document type" classname="document-generation\generation.e2e.test.ts" time="0">
<skipped>
</skipped>
</testcase>
<testcase name="Document Generation Flow › Generation History › should delete generation history item" classname="document-generation\generation.e2e.test.ts" time="0">
<skipped>
</skipped>
</testcase>
<testcase name="Document Generation Flow › Error Handling › should show error when generation fails" classname="document-generation\generation.e2e.test.ts" time="0">
<skipped>
</skipped>
</testcase>
<testcase name="Document Generation Flow › Error Handling › should allow retry after generation failure" classname="document-generation\generation.e2e.test.ts" time="0">
<skipped>
</skipped>
</testcase>
<testcase name="Document Generation Flow › Error Handling › should validate required questionnaire completion" classname="document-generation\generation.e2e.test.ts" time="0">
<skipped>
</skipped>
</testcase>
<testcase name="Document Generation Flow › Template Customization › should customize document title" classname="document-generation\generation.e2e.test.ts" time="0">
<skipped>
</skipped>
</testcase>
<testcase name="Document Generation Flow › Template Customization › should add custom sections to document" classname="document-generation\generation.e2e.test.ts" time="0">
<skipped>
</skipped>
</testcase>
<testcase name="Document Generation Flow › Template Customization › should select document branding options" classname="document-generation\generation.e2e.test.ts" time="0">
<skipped>
</skipped>
</testcase>
</testsuite>
<testsuite name="payment\payment.e2e.test.ts" timestamp="2026-03-09T00:30:08.032Z" hostname="chromium" tests="29" failures="0" skipped="29" time="0" errors="0">
<testcase name="Payment Flow › Billing Page › should display current subscription status" classname="payment\payment.e2e.test.ts" time="0">
<skipped>
</skipped>
</testcase>
<testcase name="Payment Flow › Billing Page › should show subscription details for paid users" classname="payment\payment.e2e.test.ts" time="0">
<skipped>
</skipped>
</testcase>
<testcase name="Payment Flow › Billing Page › should display upgrade options for free users" classname="payment\payment.e2e.test.ts" time="0">
<skipped>
</skipped>
</testcase>
<testcase name="Payment Flow › Upgrade Flow › should display pricing page with all tiers" classname="payment\payment.e2e.test.ts" time="0">
<skipped>
</skipped>
</testcase>
<testcase name="Payment Flow › Upgrade Flow › should show feature comparison table" classname="payment\payment.e2e.test.ts" time="0">
<skipped>
</skipped>
</testcase>
<testcase name="Payment Flow › Upgrade Flow › should initiate upgrade to Professional plan" classname="payment\payment.e2e.test.ts" time="0">
<skipped>
</skipped>
</testcase>
<testcase name="Payment Flow › Upgrade Flow › should toggle between monthly and yearly billing" classname="payment\payment.e2e.test.ts" time="0">
<skipped>
</skipped>
</testcase>
<testcase name="Payment Flow › Checkout Process › should display Stripe payment form" classname="payment\payment.e2e.test.ts" time="0">
<skipped>
</skipped>
</testcase>
<testcase name="Payment Flow › Checkout Process › should complete payment with test card" classname="payment\payment.e2e.test.ts" time="0">
<skipped>
</skipped>
</testcase>
<testcase name="Payment Flow › Checkout Process › should handle declined card gracefully" classname="payment\payment.e2e.test.ts" time="0">
<skipped>
</skipped>
</testcase>
<testcase name="Payment Flow › Checkout Process › should validate required fields" classname="payment\payment.e2e.test.ts" time="0">
<skipped>
</skipped>
</testcase>
<testcase name="Payment Flow › Checkout Process › should apply coupon code" classname="payment\payment.e2e.test.ts" time="0">
<skipped>
</skipped>
</testcase>
<testcase name="Payment Flow › Checkout Process › should handle invalid coupon code" classname="payment\payment.e2e.test.ts" time="0">
<skipped>
</skipped>
</testcase>
<testcase name="Payment Flow › Subscription Management › should display manage subscription options" classname="payment\payment.e2e.test.ts" time="0">
<skipped>
</skipped>
</testcase>
<testcase name="Payment Flow › Subscription Management › should update payment method" classname="payment\payment.e2e.test.ts" time="0">
<skipped>
</skipped>
</testcase>
<testcase name="Payment Flow › Subscription Management › should change billing cycle" classname="payment\payment.e2e.test.ts" time="0">
<skipped>
</skipped>
</testcase>
<testcase name="Payment Flow › Subscription Management › should cancel subscription with confirmation" classname="payment\payment.e2e.test.ts" time="0">
<skipped>
</skipped>
</testcase>
<testcase name="Payment Flow › Subscription Management › should show downgrade options" classname="payment\payment.e2e.test.ts" time="0">
<skipped>
</skipped>
</testcase>
<testcase name="Payment Flow › Invoice History › should display invoice history" classname="payment\payment.e2e.test.ts" time="0">
<skipped>
</skipped>
</testcase>
<testcase name="Payment Flow › Invoice History › should download invoice PDF" classname="payment\payment.e2e.test.ts" time="0">
<skipped>
</skipped>
</testcase>
<testcase name="Payment Flow › Invoice History › should filter invoices by date" classname="payment\payment.e2e.test.ts" time="0">
<skipped>
</skipped>
</testcase>
<testcase name="Payment Flow › Invoice History › should view invoice details" classname="payment\payment.e2e.test.ts" time="0">
<skipped>
</skipped>
</testcase>
<testcase name="Payment Flow › Feature Gating › should show upgrade prompt for premium features on free plan" classname="payment\payment.e2e.test.ts" time="0">
<skipped>
</skipped>
</testcase>
<testcase name="Payment Flow › Feature Gating › should allow access to features based on subscription tier" classname="payment\payment.e2e.test.ts" time="0">
<skipped>
</skipped>
</testcase>
<testcase name="Payment Flow › Feature Gating › should show usage limits for current plan" classname="payment\payment.e2e.test.ts" time="0">
<skipped>
</skipped>
</testcase>
<testcase name="Payment Flow › Enterprise Contact › should display enterprise contact form" classname="payment\payment.e2e.test.ts" time="0">
<skipped>
</skipped>
</testcase>
<testcase name="Payment Flow › Enterprise Contact › should submit enterprise inquiry" classname="payment\payment.e2e.test.ts" time="0">
<skipped>
</skipped>
</testcase>
<testcase name="Payment Flow › Payment Error Recovery › should handle payment failure and allow retry" classname="payment\payment.e2e.test.ts" time="0">
<skipped>
</skipped>
</testcase>
<testcase name="Payment Flow › Payment Error Recovery › should handle 3D Secure authentication" classname="payment\payment.e2e.test.ts" time="0">
<skipped>
</skipped>
</testcase>
</testsuite>
<testsuite name="questionnaire\adaptive.e2e.test.ts" timestamp="2026-03-09T00:30:08.032Z" hostname="chromium" tests="16" failures="0" skipped="16" time="0" errors="0">
<testcase name="Adaptive Logic Flow › should show conditional question when trigger condition is met" classname="questionnaire\adaptive.e2e.test.ts" time="0">
<skipped>
</skipped>
</testcase>
<testcase name="Adaptive Logic Flow › should skip conditional question when trigger condition is not met" classname="questionnaire\adaptive.e2e.test.ts" time="0">
<skipped>
</skipped>
</testcase>
<testcase name="Adaptive Logic Flow › should hide entire section based on branching logic" classname="questionnaire\adaptive.e2e.test.ts" time="0">
<skipped>
</skipped>
</testcase>
<testcase name="Adaptive Logic Flow › should show section when qualifying score is reached" classname="questionnaire\adaptive.e2e.test.ts" time="0">
<skipped>
</skipped>
</testcase>
<testcase name="Adaptive Logic Flow › should update progress correctly when questions are skipped" classname="questionnaire\adaptive.e2e.test.ts" time="0">
<skipped>
</skipped>
</testcase>
<testcase name="Adaptive Logic Flow › should handle nested conditional logic" classname="questionnaire\adaptive.e2e.test.ts" time="0">
<skipped>
</skipped>
</testcase>
<testcase name="Adaptive Logic Flow › should respect dimension-based visibility rules" classname="questionnaire\adaptive.e2e.test.ts" time="0">
<skipped>
</skipped>
</testcase>
<testcase name="Adaptive Logic Flow › should maintain skip state on navigation back" classname="questionnaire\adaptive.e2e.test.ts" time="0">
<skipped>
</skipped>
</testcase>
<testcase name="Adaptive Logic Flow › should display skip reason indicator" classname="questionnaire\adaptive.e2e.test.ts" time="0">
<skipped>
</skipped>
</testcase>
<testcase name="Adaptive Logic Flow › should handle multiple skip conditions (AND logic)" classname="questionnaire\adaptive.e2e.test.ts" time="0">
<skipped>
</skipped>
</testcase>
<testcase name="Adaptive Logic Flow › should handle multiple skip conditions (OR logic)" classname="questionnaire\adaptive.e2e.test.ts" time="0">
<skipped>
</skipped>
</testcase>
<testcase name="Section Visibility › should show section list with visibility indicators" classname="questionnaire\adaptive.e2e.test.ts" time="0">
<skipped>
</skipped>
</testcase>
<testcase name="Section Visibility › should update section visibility in real-time" classname="questionnaire\adaptive.e2e.test.ts" time="0">
<skipped>
</skipped>
</testcase>
<testcase name="Section Visibility › should complete questionnaire when all visible questions are answered" classname="questionnaire\adaptive.e2e.test.ts" time="0">
<skipped>
</skipped>
</testcase>
<testcase name="Adaptive Score Impact › should reflect skipped questions in final score calculation" classname="questionnaire\adaptive.e2e.test.ts" time="0">
<skipped>
</skipped>
</testcase>
<testcase name="Adaptive Score Impact › should show N/A for skipped dimension sections" classname="questionnaire\adaptive.e2e.test.ts" time="0">
<skipped>
</skipped>
</testcase>
</testsuite>
<testsuite name="questionnaire\complete-flow.e2e.test.ts" timestamp="2026-03-09T00:30:08.032Z" hostname="chromium" tests="26" failures="0" skipped="26" time="0" errors="0">
<testcase name="Complete Questionnaire Flow › should display questionnaire list" classname="questionnaire\complete-flow.e2e.test.ts" time="0">
<skipped>
</skipped>
</testcase>
<testcase name="Complete Questionnaire Flow › should start a new questionnaire session" classname="questionnaire\complete-flow.e2e.test.ts" time="0">
<skipped>
</skipped>
</testcase>
<testcase name="Complete Questionnaire Flow › should display progress counters" classname="questionnaire\complete-flow.e2e.test.ts" time="0">
<skipped>
</skipped>
</testcase>
<testcase name="Complete Questionnaire Flow › should answer BOOLEAN question type" classname="questionnaire\complete-flow.e2e.test.ts" time="0">
<skipped>
</skipped>
</testcase>
<testcase name="Complete Questionnaire Flow › should answer SCALE question type (1-5)" classname="questionnaire\complete-flow.e2e.test.ts" time="0">
<skipped>
</skipped>
</testcase>
<testcase name="Complete Questionnaire Flow › should answer TEXT question type" classname="questionnaire\complete-flow.e2e.test.ts" time="0">
<skipped>
</skipped>
</testcase>
<testcase name="Complete Questionnaire Flow › should answer SINGLE_CHOICE question type" classname="questionnaire\complete-flow.e2e.test.ts" time="0">
<skipped>
</skipped>
</testcase>
<testcase name="Complete Questionnaire Flow › should answer MULTIPLE_CHOICE question type" classname="questionnaire\complete-flow.e2e.test.ts" time="0">
<skipped>
</skipped>
</testcase>
<testcase name="Complete Questionnaire Flow › should answer DROPDOWN question type" classname="questionnaire\complete-flow.e2e.test.ts" time="0">
<skipped>
</skipped>
</testcase>
<testcase name="Complete Questionnaire Flow › should answer PERCENTAGE question type" classname="questionnaire\complete-flow.e2e.test.ts" time="0">
<skipped>
</skipped>
</testcase>
<testcase name="Complete Questionnaire Flow › should answer DATE question type" classname="questionnaire\complete-flow.e2e.test.ts" time="0">
<skipped>
</skipped>
</testcase>
<testcase name="Complete Questionnaire Flow › should answer NUMBER question type" classname="questionnaire\complete-flow.e2e.test.ts" time="0">
<skipped>
</skipped>
</testcase>
<testcase name="Complete Questionnaire Flow › should answer MATRIX question type" classname="questionnaire\complete-flow.e2e.test.ts" time="0">
<skipped>
</skipped>
</testcase>
<testcase name="Complete Questionnaire Flow › should handle FILE_UPLOAD question type" classname="questionnaire\complete-flow.e2e.test.ts" time="0">
<skipped>
</skipped>
</testcase>
<testcase name="Complete Questionnaire Flow › should navigate between questions" classname="questionnaire\complete-flow.e2e.test.ts" time="0">
<skipped>
</skipped>
</testcase>
<testcase name="Complete Questionnaire Flow › should skip optional questions" classname="questionnaire\complete-flow.e2e.test.ts" time="0">
<skipped>
</skipped>
</testcase>
<testcase name="Complete Questionnaire Flow › should show best practice guidance" classname="questionnaire\complete-flow.e2e.test.ts" time="0">
<skipped>
</skipped>
</testcase>
<testcase name="Complete Questionnaire Flow › should update progress as questions are answered" classname="questionnaire\complete-flow.e2e.test.ts" time="0">
<skipped>
</skipped>
</testcase>
<testcase name="Questionnaire Completion › should show completion screen when all questions answered" classname="questionnaire\complete-flow.e2e.test.ts" time="0">
<skipped>
</skipped>
</testcase>
<testcase name="Questionnaire Completion › should display score after completion" classname="questionnaire\complete-flow.e2e.test.ts" time="0">
<skipped>
</skipped>
</testcase>
<testcase name="Questionnaire Completion › should show score breakdown by dimension" classname="questionnaire\complete-flow.e2e.test.ts" time="0">
<skipped>
</skipped>
</testcase>
<testcase name="Questionnaire Completion › should allow viewing heatmap" classname="questionnaire\complete-flow.e2e.test.ts" time="0">
<skipped>
</skipped>
</testcase>
<testcase name="Questionnaire Completion › should save progress and resume later" classname="questionnaire\complete-flow.e2e.test.ts" time="0">
<skipped>
</skipped>
</testcase>
<testcase name="Question Validation › should validate required questions" classname="questionnaire\complete-flow.e2e.test.ts" time="0">
<skipped>
</skipped>
</testcase>
<testcase name="Question Validation › should validate percentage range (0-100)" classname="questionnaire\complete-flow.e2e.test.ts" time="0">
<skipped>
</skipped>
</testcase>
<testcase name="Question Validation › should validate text minimum length" classname="questionnaire\complete-flow.e2e.test.ts" time="0">
<skipped>
</skipped>
</testcase>
</testsuite>
<testsuite name="questionnaire\session-flow.e2e.test.ts" timestamp="2026-03-09T00:30:08.032Z" hostname="chromium" tests="11" failures="0" skipped="11" time="0" errors="0">
<testcase name="Questionnaire Session Flow › Starting a New Session › should display project types to choose from" classname="questionnaire\session-flow.e2e.test.ts" time="0">
<skipped>
</skipped>
</testcase>
<testcase name="Questionnaire Session Flow › Starting a New Session › should create new project and start questionnaire" classname="questionnaire\session-flow.e2e.test.ts" time="0">
<skipped>
</skipped>
</testcase>
<testcase name="Questionnaire Session Flow › Answering Questions › should display first question" classname="questionnaire\session-flow.e2e.test.ts" time="0">
<skipped>
</skipped>
</testcase>
<testcase name="Questionnaire Session Flow › Answering Questions › should accept text input answer" classname="questionnaire\session-flow.e2e.test.ts" time="0">
<skipped>
</skipped>
</testcase>
<testcase name="Questionnaire Session Flow › Answering Questions › should display progress indicator" classname="questionnaire\session-flow.e2e.test.ts" time="0">
<skipped>
</skipped>
</testcase>
<testcase name="Questionnaire Session Flow › Session Management › should save progress automatically" classname="questionnaire\session-flow.e2e.test.ts" time="0">
<skipped>
</skipped>
</testcase>
<testcase name="Questionnaire Session Flow › Session Management › should display existing projects in dashboard" classname="questionnaire\session-flow.e2e.test.ts" time="0">
<skipped>
</skipped>
</testcase>
<testcase name="Questionnaire Session Flow › Session Management › should be able to resume an existing project" classname="questionnaire\session-flow.e2e.test.ts" time="0">
<skipped>
</skipped>
</testcase>
<testcase name="Questionnaire Session Flow › Message Limit Handling › should display message count or limit indicator" classname="questionnaire\session-flow.e2e.test.ts" time="0">
<skipped>
</skipped>
</testcase>
<testcase name="Questionnaire Session Flow › Quality Score › should display quality score for project" classname="questionnaire\session-flow.e2e.test.ts" time="0">
<skipped>
</skipped>
</testcase>
<testcase name="Navigation Controls › should be able to navigate back to dashboard" classname="questionnaire\session-flow.e2e.test.ts" time="0">
<skipped>
</skipped>
</testcase>
</testsuite>
<testsuite name="admin\dashboard.e2e.test.ts" timestamp="2026-03-09T00:30:08.032Z" hostname="firefox" tests="28" failures="0" skipped="28" time="0" errors="0">
<testcase name="Admin Dashboard › Dashboard Overview › should display admin dashboard with statistics" classname="admin\dashboard.e2e.test.ts" time="0">
<skipped>
</skipped>
</testcase>
<testcase name="Admin Dashboard › Dashboard Overview › should show recent activity feed" classname="admin\dashboard.e2e.test.ts" time="0">
<skipped>
</skipped>
</testcase>
<testcase name="Admin Dashboard › Dashboard Overview › should navigate to different admin sections" classname="admin\dashboard.e2e.test.ts" time="0">
<skipped>
</skipped>
</testcase>
<testcase name="Admin Dashboard › Session Management › should display list of all sessions" classname="admin\dashboard.e2e.test.ts" time="0">
<skipped>
</skipped>
</testcase>
<testcase name="Admin Dashboard › Session Management › should filter sessions by status" classname="admin\dashboard.e2e.test.ts" time="0">
<skipped>
</skipped>
</testcase>
<testcase name="Admin Dashboard › Session Management › should search sessions by user email" classname="admin\dashboard.e2e.test.ts" time="0">
<skipped>
</skipped>
</testcase>
<testcase name="Admin Dashboard › Session Management › should view session details" classname="admin\dashboard.e2e.test.ts" time="0">
<skipped>
</skipped>
</testcase>
<testcase name="Admin Dashboard › Session Management › should export sessions to CSV" classname="admin\dashboard.e2e.test.ts" time="0">
<skipped>
</skipped>
</testcase>
<testcase name="Admin Dashboard › Approval Workflow › should display pending approvals list" classname="admin\dashboard.e2e.test.ts" time="0">
<skipped>
</skipped>
</testcase>
<testcase name="Admin Dashboard › Approval Workflow › should view approval request details" classname="admin\dashboard.e2e.test.ts" time="0">
<skipped>
</skipped>
</testcase>
<testcase name="Admin Dashboard › Approval Workflow › should approve a pending request" classname="admin\dashboard.e2e.test.ts" time="0">
<skipped>
</skipped>
</testcase>
<testcase name="Admin Dashboard › Approval Workflow › should reject a pending request" classname="admin\dashboard.e2e.test.ts" time="0">
<skipped>
</skipped>
</testcase>
<testcase name="Admin Dashboard › Approval Workflow › should filter approvals by type" classname="admin\dashboard.e2e.test.ts" time="0">
<skipped>
</skipped>
</testcase>
<testcase name="Admin Dashboard › User Management › should display users list" classname="admin\dashboard.e2e.test.ts" time="0">
<skipped>
</skipped>
</testcase>
<testcase name="Admin Dashboard › User Management › should search users by email" classname="admin\dashboard.e2e.test.ts" time="0">
<skipped>
</skipped>
</testcase>
<testcase name="Admin Dashboard › User Management › should view user details" classname="admin\dashboard.e2e.test.ts" time="0">
<skipped>
</skipped>
</testcase>
<testcase name="Admin Dashboard › User Management › should change user role" classname="admin\dashboard.e2e.test.ts" time="0">
<skipped>
</skipped>
</testcase>
<testcase name="Admin Dashboard › User Management › should deactivate user account" classname="admin\dashboard.e2e.test.ts" time="0">
<skipped>
</skipped>
</testcase>
<testcase name="Admin Dashboard › User Management › should filter users by role" classname="admin\dashboard.e2e.test.ts" time="0">
<skipped>
</skipped>
</testcase>
<testcase name="Admin Dashboard › Audit Log › should display audit log" classname="admin\dashboard.e2e.test.ts" time="0">
<skipped>
</skipped>
</testcase>
<testcase name="Admin Dashboard › Audit Log › should filter audit log by action type" classname="admin\dashboard.e2e.test.ts" time="0">
<skipped>
</skipped>
</testcase>
<testcase name="Admin Dashboard › Audit Log › should filter audit log by date range" classname="admin\dashboard.e2e.test.ts" time="0">
<skipped>
</skipped>
</testcase>
<testcase name="Admin Dashboard › Audit Log › should export audit log" classname="admin\dashboard.e2e.test.ts" time="0">
<skipped>
</skipped>
</testcase>
<testcase name="Admin Dashboard › System Settings › should display system settings" classname="admin\dashboard.e2e.test.ts" time="0">
<skipped>
</skipped>
</testcase>
<testcase name="Admin Dashboard › System Settings › should update email settings" classname="admin\dashboard.e2e.test.ts" time="0">
<skipped>
</skipped>
</testcase>
<testcase name="Admin Dashboard › System Settings › should test email configuration" classname="admin\dashboard.e2e.test.ts" time="0">
<skipped>
</skipped>
</testcase>
<testcase name="Admin Dashboard › Access Control › should deny access to non-admin users" classname="admin\dashboard.e2e.test.ts" time="0">
<skipped>
</skipped>
</testcase>
<testcase name="Admin Dashboard › Access Control › should allow moderator limited access" classname="admin\dashboard.e2e.test.ts" time="0">
<skipped>
</skipped>
</testcase>
</testsuite>
<testsuite name="auth\login.e2e.test.ts" timestamp="2026-03-09T00:30:08.032Z" hostname="firefox" tests="24" failures="0" skipped="24" time="0" errors="0">
<testcase name="User Login Flow › should display login form with all required fields" classname="auth\login.e2e.test.ts" time="0">
<skipped>
</skipped>
</testcase>
<testcase name="User Login Flow › should successfully login with valid credentials" classname="auth\login.e2e.test.ts" time="0">
<skipped>
</skipped>
</testcase>
<testcase name="User Login Flow › should show error for invalid credentials" classname="auth\login.e2e.test.ts" time="0">
<skipped>
</skipped>
</testcase>
<testcase name="User Login Flow › should show error for non-existent email" classname="auth\login.e2e.test.ts" time="0">
<skipped>
</skipped>
</testcase>
<testcase name="User Login Flow › should validate email format" classname="auth\login.e2e.test.ts" time="0">
<skipped>
</skipped>
</testcase>
<testcase name="User Login Flow › should require password field" classname="auth\login.e2e.test.ts" time="0">
<skipped>
</skipped>
</testcase>
<testcase name="User Login Flow › should navigate to registration page" classname="auth\login.e2e.test.ts" time="0">
<skipped>
</skipped>
</testcase>
<testcase name="User Login Flow › should navigate to forgot password page" classname="auth\login.e2e.test.ts" time="0">
<skipped>
</skipped>
</testcase>
<testcase name="User Login Flow › should show remember me option" classname="auth\login.e2e.test.ts" time="0">
<skipped>
</skipped>
</testcase>
<testcase name="Session Management › should persist session after page reload" classname="auth\login.e2e.test.ts" time="0">
<skipped>
</skipped>
</testcase>
<testcase name="Session Management › should logout successfully" classname="auth\login.e2e.test.ts" time="0">
<skipped>
</skipped>
</testcase>
<testcase name="Session Management › should redirect to login when accessing protected route without auth" classname="auth\login.e2e.test.ts" time="0">
<skipped>
</skipped>
</testcase>
<testcase name="Session Management › should redirect to intended page after login" classname="auth\login.e2e.test.ts" time="0">
<skipped>
</skipped>
</testcase>
<testcase name="Session Management › should display user information in header" classname="auth\login.e2e.test.ts" time="0">
<skipped>
</skipped>
</testcase>
<testcase name="Session Management › should handle session expiration gracefully" classname="auth\login.e2e.test.ts" time="0">
<skipped>
</skipped>
</testcase>
<testcase name="Password Reset Flow › should display password reset form" classname="auth\login.e2e.test.ts" time="0">
<skipped>
</skipped>
</testcase>
<testcase name="Password Reset Flow › should send password reset email" classname="auth\login.e2e.test.ts" time="0">
<skipped>
</skipped>
</testcase>
<testcase name="Password Reset Flow › should validate email format for reset" classname="auth\login.e2e.test.ts" time="0">
<skipped>
</skipped>
</testcase>
<testcase name="Password Reset Flow › should navigate back to login" classname="auth\login.e2e.test.ts" time="0">
<skipped>
</skipped>
</testcase>
<testcase name="Password Reset Flow › should handle reset token flow" classname="auth\login.e2e.test.ts" time="0">
<skipped>
</skipped>
</testcase>
<testcase name="Password Reset Flow › should validate new password requirements" classname="auth\login.e2e.test.ts" time="0">
<skipped>
</skipped>
</testcase>
<testcase name="Password Reset Flow › should handle invalid reset token" classname="auth\login.e2e.test.ts" time="0">
<skipped>
</skipped>
</testcase>
<testcase name="Admin Login › should allow admin to access admin panel" classname="auth\login.e2e.test.ts" time="0">
<skipped>
</skipped>
</testcase>
<testcase name="Admin Login › should deny regular user from admin panel" classname="auth\login.e2e.test.ts" time="0">
<skipped>
</skipped>
</testcase>
</testsuite>
<testsuite name="auth\registration.e2e.test.ts" timestamp="2026-03-09T00:30:08.032Z" hostname="firefox" tests="17" failures="0" skipped="17" time="0" errors="0">
<testcase name="User Registration › should display registration form" classname="auth\registration.e2e.test.ts" time="0">
<skipped>
</skipped>
</testcase>
<testcase name="User Registration › should validate required fields" classname="auth\registration.e2e.test.ts" time="0">
<skipped>
</skipped>
</testcase>
<testcase name="User Registration › should validate email format" classname="auth\registration.e2e.test.ts" time="0">
<skipped>
</skipped>
</testcase>
<testcase name="User Registration › should validate password strength" classname="auth\registration.e2e.test.ts" time="0">
<skipped>
</skipped>
</testcase>
<testcase name="User Registration › should register new user successfully" classname="auth\registration.e2e.test.ts" time="0">
<skipped>
</skipped>
</testcase>
<testcase name="User Registration › should show error for duplicate email" classname="auth\registration.e2e.test.ts" time="0">
<skipped>
</skipped>
</testcase>
<testcase name="User Registration › should have link to login page" classname="auth\registration.e2e.test.ts" time="0">
<skipped>
</skipped>
</testcase>
<testcase name="User Login › should display login form" classname="auth\registration.e2e.test.ts" time="0">
<skipped>
</skipped>
</testcase>
<testcase name="User Login › should validate required fields" classname="auth\registration.e2e.test.ts" time="0">
<skipped>
</skipped>
</testcase>
<testcase name="User Login › should show error for invalid credentials" classname="auth\registration.e2e.test.ts" time="0">
<skipped>
</skipped>
</testcase>
<testcase name="User Login › should login successfully with valid credentials" classname="auth\registration.e2e.test.ts" time="0">
<skipped>
</skipped>
</testcase>
<testcase name="User Login › should have forgot password link" classname="auth\registration.e2e.test.ts" time="0">
<skipped>
</skipped>
</testcase>
<testcase name="User Login › should have link to register page" classname="auth\registration.e2e.test.ts" time="0">
<skipped>
</skipped>
</testcase>
<testcase name="User Logout › should logout successfully" classname="auth\registration.e2e.test.ts" time="0">
<skipped>
</skipped>
</testcase>
<testcase name="Protected Routes › should redirect unauthenticated users to login" classname="auth\registration.e2e.test.ts" time="0">
<skipped>
</skipped>
</testcase>
<testcase name="Protected Routes › should allow authenticated users to access protected routes" classname="auth\registration.e2e.test.ts" time="0">
<skipped>
</skipped>
</testcase>
<testcase name="Session Persistence › should maintain session after page reload" classname="auth\registration.e2e.test.ts" time="0">
<skipped>
</skipped>
</testcase>
</testsuite>
<testsuite name="chat\chat-flow.e2e.test.ts" timestamp="2026-03-09T00:30:08.032Z" hostname="firefox" tests="17" failures="0" skipped="17" time="0" errors="0">
<testcase name="Chat Interface › should display chat interface" classname="chat\chat-flow.e2e.test.ts" time="0">
<skipped>
</skipped>
</testcase>
<testcase name="Chat Interface › should show message input field" classname="chat\chat-flow.e2e.test.ts" time="0">
<skipped>
</skipped>
</testcase>
<testcase name="Chat Interface › should show send button" classname="chat\chat-flow.e2e.test.ts" time="0">
<skipped>
</skipped>
</testcase>
<testcase name="Chat Interface › should display initial AI greeting" classname="chat\chat-flow.e2e.test.ts" time="0">
<skipped>
</skipped>
</testcase>
<testcase name="Sending Messages › should send a message" classname="chat\chat-flow.e2e.test.ts" time="0">
<skipped>
</skipped>
</testcase>
<testcase name="Sending Messages › should receive AI response" classname="chat\chat-flow.e2e.test.ts" time="0">
<skipped>
</skipped>
</testcase>
<testcase name="Sending Messages › should send message with Enter key" classname="chat\chat-flow.e2e.test.ts" time="0">
<skipped>
</skipped>
</testcase>
<testcase name="Sending Messages › should disable input while AI is responding" classname="chat\chat-flow.e2e.test.ts" time="0">
<skipped>
</skipped>
</testcase>
<testcase name="Message History › should persist message history on reload" classname="chat\chat-flow.e2e.test.ts" time="0">
<skipped>
</skipped>
</testcase>
<testcase name="Message History › should show conversation thread" classname="chat\chat-flow.e2e.test.ts" time="0">
<skipped>
</skipped>
</testcase>
<testcase name="Message Limit › should display message limit indicator" classname="chat\chat-flow.e2e.test.ts" time="0">
<skipped>
</skipped>
</testcase>
<testcase name="Message Limit › should warn when approaching limit" classname="chat\chat-flow.e2e.test.ts" time="0">
<skipped>
</skipped>
</testcase>
<testcase name="Fact Extraction Display › should display extracted facts panel" classname="chat\chat-flow.e2e.test.ts" time="0">
<skipped>
</skipped>
</testcase>
<testcase name="Quality Score Updates › should show quality score indicator" classname="chat\chat-flow.e2e.test.ts" time="0">
<skipped>
</skipped>
</testcase>
<testcase name="Error Handling › should handle empty message gracefully" classname="chat\chat-flow.e2e.test.ts" time="0">
<skipped>
</skipped>
</testcase>
<testcase name="Error Handling › should show error state on network failure" classname="chat\chat-flow.e2e.test.ts" time="0">
<skipped>
</skipped>
</testcase>
<testcase name="Streaming Response › should show typing/streaming indicator" classname="chat\chat-flow.e2e.test.ts" time="0">
<skipped>
</skipped>
</testcase>
</testsuite>
<testsuite name="document-generation\generation-flow.e2e.test.ts" timestamp="2026-03-09T00:30:08.032Z" hostname="firefox" tests="13" failures="0" skipped="13" time="0" errors="0">
<testcase name="Document Generation Flow › Document Menu › should display available document types" classname="document-generation\generation-flow.e2e.test.ts" time="0">
<skipped>
</skipped>
</testcase>
<testcase name="Document Generation Flow › Document Menu › should show pricing for document types" classname="document-generation\generation-flow.e2e.test.ts" time="0">
<skipped>
</skipped>
</testcase>
<testcase name="Document Generation Flow › Document Menu › should show quality level options" classname="document-generation\generation-flow.e2e.test.ts" time="0">
<skipped>
</skipped>
</testcase>
<testcase name="Document Generation Flow › Document Menu › should indicate document availability based on facts" classname="document-generation\generation-flow.e2e.test.ts" time="0">
<skipped>
</skipped>
</testcase>
<testcase name="Document Generation Flow › Document Selection › should be able to select a document type" classname="document-generation\generation-flow.e2e.test.ts" time="0">
<skipped>
</skipped>
</testcase>
<testcase name="Document Generation Flow › Document Selection › should be able to select quality level" classname="document-generation\generation-flow.e2e.test.ts" time="0">
<skipped>
</skipped>
</testcase>
<testcase name="Document Generation Flow › Document Selection › should show price calculation based on quality" classname="document-generation\generation-flow.e2e.test.ts" time="0">
<skipped>
</skipped>
</testcase>
<testcase name="Document Generation Flow › Checkout Flow › should display checkout button" classname="document-generation\generation-flow.e2e.test.ts" time="0">
<skipped>
</skipped>
</testcase>
<testcase name="Document Generation Flow › Checkout Flow › should navigate to payment page on checkout" classname="document-generation\generation-flow.e2e.test.ts" time="0">
<skipped>
</skipped>
</testcase>
<testcase name="Document Generation Flow › Generated Documents › should display list of purchased documents" classname="document-generation\generation-flow.e2e.test.ts" time="0">
<skipped>
</skipped>
</testcase>
<testcase name="Document Generation Flow › Generated Documents › should have download button for generated documents" classname="document-generation\generation-flow.e2e.test.ts" time="0">
<skipped>
</skipped>
</testcase>
<testcase name="Document Preview › should display document preview" classname="document-generation\generation-flow.e2e.test.ts" time="0">
<skipped>
</skipped>
</testcase>
<testcase name="Document Formats › should offer multiple download formats (PDF, DOCX)" classname="document-generation\generation-flow.e2e.test.ts" time="0">
<skipped>
</skipped>
</testcase>
</testsuite>
<testsuite name="document-generation\generation.e2e.test.ts" timestamp="2026-03-09T00:30:08.032Z" hostname="firefox" tests="27" failures="0" skipped="27" time="0" errors="0">
<testcase name="Document Generation Flow › Technology Roadmap Generation › should display document generation page" classname="document-generation\generation.e2e.test.ts" time="0">
<skipped>
</skipped>
</testcase>
<testcase name="Document Generation Flow › Technology Roadmap Generation › should show available document templates" classname="document-generation\generation.e2e.test.ts" time="0">
<skipped>
</skipped>
</testcase>
<testcase name="Document Generation Flow › Technology Roadmap Generation › should generate Technology Roadmap document" classname="document-generation\generation.e2e.test.ts" time="0">
<skipped>
</skipped>
</testcase>
<testcase name="Document Generation Flow › Technology Roadmap Generation › should download generated Technology Roadmap" classname="document-generation\generation.e2e.test.ts" time="0">
<skipped>
</skipped>
</testcase>
<testcase name="Document Generation Flow › Business Plan Generation › should generate Business Plan document" classname="document-generation\generation.e2e.test.ts" time="0">
<skipped>
</skipped>
</testcase>
<testcase name="Document Generation Flow › Business Plan Generation › should include financial projections in Business Plan" classname="document-generation\generation.e2e.test.ts" time="0">
<skipped>
</skipped>
</testcase>
<testcase name="Document Generation Flow › Business Plan Generation › should select different output formats" classname="document-generation\generation.e2e.test.ts" time="0">
<skipped>
</skipped>
</testcase>
<testcase name="Document Generation Flow › Policy Pack Generation › should generate Policy Pack with all policies" classname="document-generation\generation.e2e.test.ts" time="0">
<skipped>
</skipped>
</testcase>
<testcase name="Document Generation Flow › Policy Pack Generation › should select individual policies for generation" classname="document-generation\generation.e2e.test.ts" time="0">
<skipped>
</skipped>
</testcase>
<testcase name="Document Generation Flow › Policy Pack Generation › should include control mappings in Policy Pack" classname="document-generation\generation.e2e.test.ts" time="0">
<skipped>
</skipped>
</testcase>
<testcase name="Document Generation Flow › Full Deliverables ZIP › should generate full deliverables package" classname="document-generation\generation.e2e.test.ts" time="0">
<skipped>
</skipped>
</testcase>
<testcase name="Document Generation Flow › Full Deliverables ZIP › should download full deliverables as ZIP" classname="document-generation\generation.e2e.test.ts" time="0">
<skipped>
</skipped>
</testcase>
<testcase name="Document Generation Flow › Full Deliverables ZIP › should show deliverables contents before download" classname="document-generation\generation.e2e.test.ts" time="0">
<skipped>
</skipped>
</testcase>
<testcase name="Document Generation Flow › Full Deliverables ZIP › should customize deliverables package contents" classname="document-generation\generation.e2e.test.ts" time="0">
<skipped>
</skipped>
</testcase>
<testcase name="Document Generation Flow › Document Preview › should preview document before download" classname="document-generation\generation.e2e.test.ts" time="0">
<skipped>
</skipped>
</testcase>
<testcase name="Document Generation Flow › Document Preview › should navigate through multi-page preview" classname="document-generation\generation.e2e.test.ts" time="0">
<skipped>
</skipped>
</testcase>
<testcase name="Document Generation Flow › Document Preview › should close preview modal" classname="document-generation\generation.e2e.test.ts" time="0">
<skipped>
</skipped>
</testcase>
<testcase name="Document Generation Flow › Generation History › should display generation history" classname="document-generation\generation.e2e.test.ts" time="0">
<skipped>
</skipped>
</testcase>
<testcase name="Document Generation Flow › Generation History › should re-download previously generated document" classname="document-generation\generation.e2e.test.ts" time="0">
<skipped>
</skipped>
</testcase>
<testcase name="Document Generation Flow › Generation History › should filter generation history by document type" classname="document-generation\generation.e2e.test.ts" time="0">
<skipped>
</skipped>
</testcase>
<testcase name="Document Generation Flow › Generation History › should delete generation history item" classname="document-generation\generation.e2e.test.ts" time="0">
<skipped>
</skipped>
</testcase>
<testcase name="Document Generation Flow › Error Handling › should show error when generation fails" classname="document-generation\generation.e2e.test.ts" time="0">
<skipped>
</skipped>
</testcase>
<testcase name="Document Generation Flow › Error Handling › should allow retry after generation failure" classname="document-generation\generation.e2e.test.ts" time="0">
<skipped>
</skipped>
</testcase>
<testcase name="Document Generation Flow › Error Handling › should validate required questionnaire completion" classname="document-generation\generation.e2e.test.ts" time="0">
<skipped>
</skipped>
</testcase>
<testcase name="Document Generation Flow › Template Customization › should customize document title" classname="document-generation\generation.e2e.test.ts" time="0">
<skipped>
</skipped>
</testcase>
<testcase name="Document Generation Flow › Template Customization › should add custom sections to document" classname="document-generation\generation.e2e.test.ts" time="0">
<skipped>
</skipped>
</testcase>
<testcase name="Document Generation Flow › Template Customization › should select document branding options" classname="document-generation\generation.e2e.test.ts" time="0">
<skipped>
</skipped>
</testcase>
</testsuite>
<testsuite name="payment\payment.e2e.test.ts" timestamp="2026-03-09T00:30:08.032Z" hostname="firefox" tests="29" failures="0" skipped="29" time="0" errors="0">
<testcase name="Payment Flow › Billing Page › should display current subscription status" classname="payment\payment.e2e.test.ts" time="0">
<skipped>
</skipped>
</testcase>
<testcase name="Payment Flow › Billing Page › should show subscription details for paid users" classname="payment\payment.e2e.test.ts" time="0">
<skipped>
</skipped>
</testcase>
<testcase name="Payment Flow › Billing Page › should display upgrade options for free users" classname="payment\payment.e2e.test.ts" time="0">
<skipped>
</skipped>
</testcase>
<testcase name="Payment Flow › Upgrade Flow › should display pricing page with all tiers" classname="payment\payment.e2e.test.ts" time="0">
<skipped>
</skipped>
</testcase>
<testcase name="Payment Flow › Upgrade Flow › should show feature comparison table" classname="payment\payment.e2e.test.ts" time="0">
<skipped>
</skipped>
</testcase>
<testcase name="Payment Flow › Upgrade Flow › should initiate upgrade to Professional plan" classname="payment\payment.e2e.test.ts" time="0">
<skipped>
</skipped>
</testcase>
<testcase name="Payment Flow › Upgrade Flow › should toggle between monthly and yearly billing" classname="payment\payment.e2e.test.ts" time="0">
<skipped>
</skipped>
</testcase>
<testcase name="Payment Flow › Checkout Process › should display Stripe payment form" classname="payment\payment.e2e.test.ts" time="0">
<skipped>
</skipped>
</testcase>
<testcase name="Payment Flow › Checkout Process › should complete payment with test card" classname="payment\payment.e2e.test.ts" time="0">
<skipped>
</skipped>
</testcase>
<testcase name="Payment Flow › Checkout Process › should handle declined card gracefully" classname="payment\payment.e2e.test.ts" time="0">
<skipped>
</skipped>
</testcase>
<testcase name="Payment Flow › Checkout Process › should validate required fields" classname="payment\payment.e2e.test.ts" time="0">
<skipped>
</skipped>
</testcase>
<testcase name="Payment Flow › Checkout Process › should apply coupon code" classname="payment\payment.e2e.test.ts" time="0">
<skipped>
</skipped>
</testcase>
<testcase name="Payment Flow › Checkout Process › should handle invalid coupon code" classname="payment\payment.e2e.test.ts" time="0">
<skipped>
</skipped>
</testcase>
<testcase name="Payment Flow › Subscription Management › should display manage subscription options" classname="payment\payment.e2e.test.ts" time="0">
<skipped>
</skipped>
</testcase>
<testcase name="Payment Flow › Subscription Management › should update payment method" classname="payment\payment.e2e.test.ts" time="0">
<skipped>
</skipped>
</testcase>
<testcase name="Payment Flow › Subscription Management › should change billing cycle" classname="payment\payment.e2e.test.ts" time="0">
<skipped>
</skipped>
</testcase>
<testcase name="Payment Flow › Subscription Management › should cancel subscription with confirmation" classname="payment\payment.e2e.test.ts" time="0">
<skipped>
</skipped>
</testcase>
<testcase name="Payment Flow › Subscription Management › should show downgrade options" classname="payment\payment.e2e.test.ts" time="0">
<skipped>
</skipped>
</testcase>
<testcase name="Payment Flow › Invoice History › should display invoice history" classname="payment\payment.e2e.test.ts" time="0">
<skipped>
</skipped>
</testcase>
<testcase name="Payment Flow › Invoice History › should download invoice PDF" classname="payment\payment.e2e.test.ts" time="0">
<skipped>
</skipped>
</testcase>
<testcase name="Payment Flow › Invoice History › should filter invoices by date" classname="payment\payment.e2e.test.ts" time="0">
<skipped>
</skipped>
</testcase>
<testcase name="Payment Flow › Invoice History › should view invoice details" classname="payment\payment.e2e.test.ts" time="0">
<skipped>
</skipped>
</testcase>
<testcase name="Payment Flow › Feature Gating › should show upgrade prompt for premium features on free plan" classname="payment\payment.e2e.test.ts" time="0">
<skipped>
</skipped>
</testcase>
<testcase name="Payment Flow › Feature Gating › should allow access to features based on subscription tier" classname="payment\payment.e2e.test.ts" time="0">
<skipped>
</skipped>
</testcase>
<testcase name="Payment Flow › Feature Gating › should show usage limits for current plan" classname="payment\payment.e2e.test.ts" time="0">
<skipped>
</skipped>
</testcase>
<testcase name="Payment Flow › Enterprise Contact › should display enterprise contact form" classname="payment\payment.e2e.test.ts" time="0">
<skipped>
</skipped>
</testcase>
<testcase name="Payment Flow › Enterprise Contact › should submit enterprise inquiry" classname="payment\payment.e2e.test.ts" time="0">
<skipped>
</skipped>
</testcase>
<testcase name="Payment Flow › Payment Error Recovery › should handle payment failure and allow retry" classname="payment\payment.e2e.test.ts" time="0">
<skipped>
</skipped>
</testcase>
<testcase name="Payment Flow › Payment Error Recovery › should handle 3D Secure authentication" classname="payment\payment.e2e.test.ts" time="0">
<skipped>
</skipped>
</testcase>
</testsuite>
<testsuite name="questionnaire\adaptive.e2e.test.ts" timestamp="2026-03-09T00:30:08.032Z" hostname="firefox" tests="16" failures="0" skipped="16" time="0" errors="0">
<testcase name="Adaptive Logic Flow › should show conditional question when trigger condition is met" classname="questionnaire\adaptive.e2e.test.ts" time="0">
<skipped>
</skipped>
</testcase>
<testcase name="Adaptive Logic Flow › should skip conditional question when trigger condition is not met" classname="questionnaire\adaptive.e2e.test.ts" time="0">
<skipped>
</skipped>
</testcase>
<testcase name="Adaptive Logic Flow › should hide entire section based on branching logic" classname="questionnaire\adaptive.e2e.test.ts" time="0">
<skipped>
</skipped>
</testcase>
<testcase name="Adaptive Logic Flow › should show section when qualifying score is reached" classname="questionnaire\adaptive.e2e.test.ts" time="0">
<skipped>
</skipped>
</testcase>
<testcase name="Adaptive Logic Flow › should update progress correctly when questions are skipped" classname="questionnaire\adaptive.e2e.test.ts" time="0">
<skipped>
</skipped>
</testcase>
<testcase name="Adaptive Logic Flow › should handle nested conditional logic" classname="questionnaire\adaptive.e2e.test.ts" time="0">
<skipped>
</skipped>
</testcase>
<testcase name="Adaptive Logic Flow › should respect dimension-based visibility rules" classname="questionnaire\adaptive.e2e.test.ts" time="0">
<skipped>
</skipped>
</testcase>
<testcase name="Adaptive Logic Flow › should maintain skip state on navigation back" classname="questionnaire\adaptive.e2e.test.ts" time="0">
<skipped>
</skipped>
</testcase>
<testcase name="Adaptive Logic Flow › should display skip reason indicator" classname="questionnaire\adaptive.e2e.test.ts" time="0">
<skipped>
</skipped>
</testcase>
<testcase name="Adaptive Logic Flow › should handle multiple skip conditions (AND logic)" classname="questionnaire\adaptive.e2e.test.ts" time="0">
<skipped>
</skipped>
</testcase>
<testcase name="Adaptive Logic Flow › should handle multiple skip conditions (OR logic)" classname="questionnaire\adaptive.e2e.test.ts" time="0">
<skipped>
</skipped>
</testcase>
<testcase name="Section Visibility › should show section list with visibility indicators" classname="questionnaire\adaptive.e2e.test.ts" time="0">
<skipped>
</skipped>
</testcase>
<testcase name="Section Visibility › should update section visibility in real-time" classname="questionnaire\adaptive.e2e.test.ts" time="0">
<skipped>
</skipped>
</testcase>
<testcase name="Section Visibility › should complete questionnaire when all visible questions are answered" classname="questionnaire\adaptive.e2e.test.ts" time="0">
<skipped>
</skipped>
</testcase>
<testcase name="Adaptive Score Impact › should reflect skipped questions in final score calculation" classname="questionnaire\adaptive.e2e.test.ts" time="0">
<skipped>
</skipped>
</testcase>
<testcase name="Adaptive Score Impact › should show N/A for skipped dimension sections" classname="questionnaire\adaptive.e2e.test.ts" time="0">
<skipped>
</skipped>
</testcase>
</testsuite>
<testsuite name="questionnaire\complete-flow.e2e.test.ts" timestamp="2026-03-09T00:30:08.032Z" hostname="firefox" tests="26" failures="0" skipped="26" time="0" errors="0">
<testcase name="Complete Questionnaire Flow › should display questionnaire list" classname="questionnaire\complete-flow.e2e.test.ts" time="0">
<skipped>
</skipped>
</testcase>
<testcase name="Complete Questionnaire Flow › should start a new questionnaire session" classname="questionnaire\complete-flow.e2e.test.ts" time="0">
<skipped>
</skipped>
</testcase>
<testcase name="Complete Questionnaire Flow › should display progress counters" classname="questionnaire\complete-flow.e2e.test.ts" time="0">
<skipped>
</skipped>
</testcase>
<testcase name="Complete Questionnaire Flow › should answer BOOLEAN question type" classname="questionnaire\complete-flow.e2e.test.ts" time="0">
<skipped>
</skipped>
</testcase>
<testcase name="Complete Questionnaire Flow › should answer SCALE question type (1-5)" classname="questionnaire\complete-flow.e2e.test.ts" time="0">
<skipped>
</skipped>
</testcase>
<testcase name="Complete Questionnaire Flow › should answer TEXT question type" classname="questionnaire\complete-flow.e2e.test.ts" time="0">
<skipped>
</skipped>
</testcase>
<testcase name="Complete Questionnaire Flow › should answer SINGLE_CHOICE question type" classname="questionnaire\complete-flow.e2e.test.ts" time="0">
<skipped>
</skipped>
</testcase>
<testcase name="Complete Questionnaire Flow › should answer MULTIPLE_CHOICE question type" classname="questionnaire\complete-flow.e2e.test.ts" time="0">
<skipped>
</skipped>
</testcase>
<testcase name="Complete Questionnaire Flow › should answer DROPDOWN question type" classname="questionnaire\complete-flow.e2e.test.ts" time="0">
<skipped>
</skipped>
</testcase>
<testcase name="Complete Questionnaire Flow › should answer PERCENTAGE question type" classname="questionnaire\complete-flow.e2e.test.ts" time="0">
<skipped>
</skipped>
</testcase>
<testcase name="Complete Questionnaire Flow › should answer DATE question type" classname="questionnaire\complete-flow.e2e.test.ts" time="0">
<skipped>
</skipped>
</testcase>
<testcase name="Complete Questionnaire Flow › should answer NUMBER question type" classname="questionnaire\complete-flow.e2e.test.ts" time="0">
<skipped>
</skipped>
</testcase>
<testcase name="Complete Questionnaire Flow › should answer MATRIX question type" classname="questionnaire\complete-flow.e2e.test.ts" time="0">
<skipped>
</skipped>
</testcase>
<testcase name="Complete Questionnaire Flow › should handle FILE_UPLOAD question type" classname="questionnaire\complete-flow.e2e.test.ts" time="0">
<skipped>
</skipped>
</testcase>
<testcase name="Complete Questionnaire Flow › should navigate between questions" classname="questionnaire\complete-flow.e2e.test.ts" time="0">
<skipped>
</skipped>
</testcase>
<testcase name="Complete Questionnaire Flow › should skip optional questions" classname="questionnaire\complete-flow.e2e.test.ts" time="0">
<skipped>
</skipped>
</testcase>
<testcase name="Complete Questionnaire Flow › should show best practice guidance" classname="questionnaire\complete-flow.e2e.test.ts" time="0">
<skipped>
</skipped>
</testcase>
<testcase name="Complete Questionnaire Flow › should update progress as questions are answered" classname="questionnaire\complete-flow.e2e.test.ts" time="0">
<skipped>
</skipped>
</testcase>
<testcase name="Questionnaire Completion › should show completion screen when all questions answered" classname="questionnaire\complete-flow.e2e.test.ts" time="0">
<skipped>
</skipped>
</testcase>
<testcase name="Questionnaire Completion › should display score after completion" classname="questionnaire\complete-flow.e2e.test.ts" time="0">
<skipped>
</skipped>
</testcase>
<testcase name="Questionnaire Completion › should show score breakdown by dimension" classname="questionnaire\complete-flow.e2e.test.ts" time="0">
<skipped>
</skipped>
</testcase>
<testcase name="Questionnaire Completion › should allow viewing heatmap" classname="questionnaire\complete-flow.e2e.test.ts" time="0">
<skipped>
</skipped>
</testcase>
<testcase name="Questionnaire Completion › should save progress and resume later" classname="questionnaire\complete-flow.e2e.test.ts" time="0">
<skipped>
</skipped>
</testcase>
<testcase name="Question Validation › should validate required questions" classname="questionnaire\complete-flow.e2e.test.ts" time="0">
<skipped>
</skipped>
</testcase>
<testcase name="Question Validation › should validate percentage range (0-100)" classname="questionnaire\complete-flow.e2e.test.ts" time="0">
<skipped>
</skipped>
</testcase>
<testcase name="Question Validation › should validate text minimum length" classname="questionnaire\complete-flow.e2e.test.ts" time="0">
<skipped>
</skipped>
</testcase>
</testsuite>
<testsuite name="questionnaire\session-flow.e2e.test.ts" timestamp="2026-03-09T00:30:08.032Z" hostname="firefox" tests="11" failures="0" skipped="11" time="0" errors="0">
<testcase name="Questionnaire Session Flow › Starting a New Session › should display project types to choose from" classname="questionnaire\session-flow.e2e.test.ts" time="0">
<skipped>
</skipped>
</testcase>
<testcase name="Questionnaire Session Flow › Starting a New Session › should create new project and start questionnaire" classname="questionnaire\session-flow.e2e.test.ts" time="0">
<skipped>
</skipped>
</testcase>
<testcase name="Questionnaire Session Flow › Answering Questions › should display first question" classname="questionnaire\session-flow.e2e.test.ts" time="0">
<skipped>
</skipped>
</testcase>
<testcase name="Questionnaire Session Flow › Answering Questions › should accept text input answer" classname="questionnaire\session-flow.e2e.test.ts" time="0">
<skipped>
</skipped>
</testcase>
<testcase name="Questionnaire Session Flow › Answering Questions › should display progress indicator" classname="questionnaire\session-flow.e2e.test.ts" time="0">
<skipped>
</skipped>
</testcase>
<testcase name="Questionnaire Session Flow › Session Management › should save progress automatically" classname="questionnaire\session-flow.e2e.test.ts" time="0">
<skipped>
</skipped>
</testcase>
<testcase name="Questionnaire Session Flow › Session Management › should display existing projects in dashboard" classname="questionnaire\session-flow.e2e.test.ts" time="0">
<skipped>
</skipped>
</testcase>
<testcase name="Questionnaire Session Flow › Session Management › should be able to resume an existing project" classname="questionnaire\session-flow.e2e.test.ts" time="0">
<skipped>
</skipped>
</testcase>
<testcase name="Questionnaire Session Flow › Message Limit Handling › should display message count or limit indicator" classname="questionnaire\session-flow.e2e.test.ts" time="0">
<skipped>
</skipped>
</testcase>
<testcase name="Questionnaire Session Flow › Quality Score › should display quality score for project" classname="questionnaire\session-flow.e2e.test.ts" time="0">
<skipped>
</skipped>
</testcase>
<testcase name="Navigation Controls › should be able to navigate back to dashboard" classname="questionnaire\session-flow.e2e.test.ts" time="0">
<skipped>
</skipped>
</testcase>
</testsuite>
<testsuite name="admin\dashboard.e2e.test.ts" timestamp="2026-03-09T00:30:08.032Z" hostname="webkit" tests="28" failures="0" skipped="28" time="0" errors="0">
<testcase name="Admin Dashboard › Dashboard Overview › should display admin dashboard with statistics" classname="admin\dashboard.e2e.test.ts" time="0">
<skipped>
</skipped>
</testcase>
<testcase name="Admin Dashboard › Dashboard Overview › should show recent activity feed" classname="admin\dashboard.e2e.test.ts" time="0">
<skipped>
</skipped>
</testcase>
<testcase name="Admin Dashboard › Dashboard Overview › should navigate to different admin sections" classname="admin\dashboard.e2e.test.ts" time="0">
<skipped>
</skipped>
</testcase>
<testcase name="Admin Dashboard › Session Management › should display list of all sessions" classname="admin\dashboard.e2e.test.ts" time="0">
<skipped>
</skipped>
</testcase>
<testcase name="Admin Dashboard › Session Management › should filter sessions by status" classname="admin\dashboard.e2e.test.ts" time="0">
<skipped>
</skipped>
</testcase>
<testcase name="Admin Dashboard › Session Management › should search sessions by user email" classname="admin\dashboard.e2e.test.ts" time="0">
<skipped>
</skipped>
</testcase>
<testcase name="Admin Dashboard › Session Management › should view session details" classname="admin\dashboard.e2e.test.ts" time="0">
<skipped>
</skipped>
</testcase>
<testcase name="Admin Dashboard › Session Management › should export sessions to CSV" classname="admin\dashboard.e2e.test.ts" time="0">
<skipped>
</skipped>
</testcase>
<testcase name="Admin Dashboard › Approval Workflow › should display pending approvals list" classname="admin\dashboard.e2e.test.ts" time="0">
<skipped>
</skipped>
</testcase>
<testcase name="Admin Dashboard › Approval Workflow › should view approval request details" classname="admin\dashboard.e2e.test.ts" time="0">
<skipped>
</skipped>
</testcase>
<testcase name="Admin Dashboard › Approval Workflow › should approve a pending request" classname="admin\dashboard.e2e.test.ts" time="0">
<skipped>
</skipped>
</testcase>
<testcase name="Admin Dashboard › Approval Workflow › should reject a pending request" classname="admin\dashboard.e2e.test.ts" time="0">
<skipped>
</skipped>
</testcase>
<testcase name="Admin Dashboard › Approval Workflow › should filter approvals by type" classname="admin\dashboard.e2e.test.ts" time="0">
<skipped>
</skipped>
</testcase>
<testcase name="Admin Dashboard › User Management › should display users list" classname="admin\dashboard.e2e.test.ts" time="0">
<skipped>
</skipped>
</testcase>
<testcase name="Admin Dashboard › User Management › should search users by email" classname="admin\dashboard.e2e.test.ts" time="0">
<skipped>
</skipped>
</testcase>
[...]
<skipped>
</skipped>
</testcase>
<testcase name="Document Generation Flow › Business Plan Generation › should select different output formats" classname="document-generation\generation.e2e.test.ts" time="0">
<skipped>
</skipped>
</testcase>
<testcase name="Document Generation Flow › Policy Pack Generation › should generate Policy Pack with all policies" classname="document-generation\generation.e2e.test.ts" time="0">
<skipped>
</skipped>
</testcase>
<testcase name="Document Generation Flow › Policy Pack Generation › should select individual policies for generation" classname="document-generation\generation.e2e.test.ts" time="0">
<skipped>
</skipped>
</testcase>
<testcase name="Document Generation Flow › Policy Pack Generation › should include control mappings in Policy Pack" classname="document-generation\generation.e2e.test.ts" time="0">
<skipped>
</skipped>
</testcase>
<testcase name="Document Generation Flow › Full Deliverables ZIP › should generate full deliverables package" classname="document-generation\generation.e2e.test.ts" time="0">
<skipped>
</skipped>
</testcase>
<testcase name="Document Generation Flow › Full Deliverables ZIP › should download full deliverables as ZIP" classname="document-generation\generation.e2e.test.ts" time="0">
<skipped>
</skipped>
</testcase>
<testcase name="Document Generation Flow › Full Deliverables ZIP › should show deliverables contents before download" classname="document-generation\generation.e2e.test.ts" time="0">
<skipped>
</skipped>
</testcase>
<testcase name="Document Generation Flow › Full Deliverables ZIP › should customize deliverables package contents" classname="document-generation\generation.e2e.test.ts" time="0">
<skipped>
</skipped>
</testcase>
<testcase name="Document Generation Flow › Document Preview › should preview document before download" classname="document-generation\generation.e2e.test.ts" time="0">
<skipped>
</skipped>
</testcase>
<testcase name="Document Generation Flow › Document Preview › should navigate through multi-page preview" classname="document-generation\generation.e2e.test.ts" time="0">
<skipped>
</skipped>
</testcase>
<testcase name="Document Generation Flow › Document Preview › should close preview modal" classname="document-generation\generation.e2e.test.ts" time="0">
<skipped>
</skipped>
</testcase>
<testcase name="Document Generation Flow › Generation History › should display generation history" classname="document-generation\generation.e2e.test.ts" time="0">
<skipped>
</skipped>
</testcase>
<testcase name="Document Generation Flow › Generation History › should re-download previously generated document" classname="document-generation\generation.e2e.test.ts" time="0">
<skipped>
</skipped>
</testcase>
<testcase name="Document Generation Flow › Generation History › should filter generation history by document type" classname="document-generation\generation.e2e.test.ts" time="0">
<skipped>
</skipped>
</testcase>
<testcase name="Document Generation Flow › Generation History › should delete generation history item" classname="document-generation\generation.e2e.test.ts" time="0">
<skipped>
</skipped>
</testcase>
<testcase name="Document Generation Flow › Error Handling › should show error when generation fails" classname="document-generation\generation.e2e.test.ts" time="0">
<skipped>
</skipped>
</testcase>
<testcase name="Document Generation Flow › Error Handling › should allow retry after generation failure" classname="document-generation\generation.e2e.test.ts" time="0">
<skipped>
</skipped>
</testcase>
<testcase name="Document Generation Flow › Error Handling › should validate required questionnaire completion" classname="document-generation\generation.e2e.test.ts" time="0">
<skipped>
</skipped>
</testcase>
<testcase name="Document Generation Flow › Template Customization › should customize document title" classname="document-generation\generation.e2e.test.ts" time="0">
<skipped>
</skipped>
</testcase>
<testcase name="Document Generation Flow › Template Customization › should add custom sections to document" classname="document-generation\generation.e2e.test.ts" time="0">
<skipped>
</skipped>
</testcase>
<testcase name="Document Generation Flow › Template Customization › should select document branding options" classname="document-generation\generation.e2e.test.ts" time="0">
<skipped>
</skipped>
</testcase>
</testsuite>
<testsuite name="payment\payment.e2e.test.ts" timestamp="2026-03-09T00:30:08.032Z" hostname="Mobile Safari" tests="29" failures="0" skipped="29" time="0" errors="0">
<testcase name="Payment Flow › Billing Page › should display current subscription status" classname="payment\payment.e2e.test.ts" time="0">
<skipped>
</skipped>
</testcase>
<testcase name="Payment Flow › Billing Page › should show subscription details for paid users" classname="payment\payment.e2e.test.ts" time="0">
<skipped>
</skipped>
</testcase>
<testcase name="Payment Flow › Billing Page › should display upgrade options for free users" classname="payment\payment.e2e.test.ts" time="0">
<skipped>
</skipped>
</testcase>
<testcase name="Payment Flow › Upgrade Flow › should display pricing page with all tiers" classname="payment\payment.e2e.test.ts" time="0">
<skipped>
</skipped>
</testcase>
<testcase name="Payment Flow › Upgrade Flow › should show feature comparison table" classname="payment\payment.e2e.test.ts" time="0">
<skipped>
</skipped>
</testcase>
<testcase name="Payment Flow › Upgrade Flow › should initiate upgrade to Professional plan" classname="payment\payment.e2e.test.ts" time="0">
<skipped>
</skipped>
</testcase>
<testcase name="Payment Flow › Upgrade Flow › should toggle between monthly and yearly billing" classname="payment\payment.e2e.test.ts" time="0">
<skipped>
</skipped>
</testcase>
<testcase name="Payment Flow › Checkout Process › should display Stripe payment form" classname="payment\payment.e2e.test.ts" time="0">
<skipped>
</skipped>
</testcase>
<testcase name="Payment Flow › Checkout Process › should complete payment with test card" classname="payment\payment.e2e.test.ts" time="0">
<skipped>
</skipped>
</testcase>
<testcase name="Payment Flow › Checkout Process › should handle declined card gracefully" classname="payment\payment.e2e.test.ts" time="0">
<skipped>
</skipped>
</testcase>
<testcase name="Payment Flow › Checkout Process › should validate required fields" classname="payment\payment.e2e.test.ts" time="0">
<skipped>
</skipped>
</testcase>
<testcase name="Payment Flow › Checkout Process › should apply coupon code" classname="payment\payment.e2e.test.ts" time="0">
<skipped>
</skipped>
</testcase>
<testcase name="Payment Flow › Checkout Process › should handle invalid coupon code" classname="payment\payment.e2e.test.ts" time="0">
<skipped>
</skipped>
</testcase>
<testcase name="Payment Flow › Subscription Management › should display manage subscription options" classname="payment\payment.e2e.test.ts" time="0">
<skipped>
</skipped>
</testcase>
<testcase name="Payment Flow › Subscription Management › should update payment method" classname="payment\payment.e2e.test.ts" time="0">
<skipped>
</skipped>
</testcase>
<testcase name="Payment Flow › Subscription Management › should change billing cycle" classname="payment\payment.e2e.test.ts" time="0">
<skipped>
</skipped>
</testcase>
<testcase name="Payment Flow › Subscription Management › should cancel subscription with confirmation" classname="payment\payment.e2e.test.ts" time="0">
<skipped>
</skipped>
</testcase>
<testcase name="Payment Flow › Subscription Management › should show downgrade options" classname="payment\payment.e2e.test.ts" time="0">
<skipped>
</skipped>
</testcase>
<testcase name="Payment Flow › Invoice History › should display invoice history" classname="payment\payment.e2e.test.ts" time="0">
<skipped>
</skipped>
</testcase>
<testcase name="Payment Flow › Invoice History › should download invoice PDF" classname="payment\payment.e2e.test.ts" time="0">
<skipped>
</skipped>
</testcase>
<testcase name="Payment Flow › Invoice History › should filter invoices by date" classname="payment\payment.e2e.test.ts" time="0">
<skipped>
</skipped>
</testcase>
<testcase name="Payment Flow › Invoice History › should view invoice details" classname="payment\payment.e2e.test.ts" time="0">
<skipped>
</skipped>
</testcase>
<testcase name="Payment Flow › Feature Gating › should show upgrade prompt for premium features on free plan" classname="payment\payment.e2e.test.ts" time="0">
<skipped>
</skipped>
</testcase>
<testcase name="Payment Flow › Feature Gating › should allow access to features based on subscription tier" classname="payment\payment.e2e.test.ts" time="0">
<skipped>
</skipped>
</testcase>
<testcase name="Payment Flow › Feature Gating › should show usage limits for current plan" classname="payment\payment.e2e.test.ts" time="0">
<skipped>
</skipped>
</testcase>
<testcase name="Payment Flow › Enterprise Contact › should display enterprise contact form" classname="payment\payment.e2e.test.ts" time="0">
<skipped>
</skipped>
</testcase>
<testcase name="Payment Flow › Enterprise Contact › should submit enterprise inquiry" classname="payment\payment.e2e.test.ts" time="0">
<skipped>
</skipped>
</testcase>
<testcase name="Payment Flow › Payment Error Recovery › should handle payment failure and allow retry" classname="payment\payment.e2e.test.ts" time="0">
<skipped>
</skipped>
</testcase>
<testcase name="Payment Flow › Payment Error Recovery › should handle 3D Secure authentication" classname="payment\payment.e2e.test.ts" time="0">
<skipped>
</skipped>
</testcase>
</testsuite>
<testsuite name="questionnaire\adaptive.e2e.test.ts" timestamp="2026-03-09T00:30:08.032Z" hostname="Mobile Safari" tests="16" failures="0" skipped="16" time="0" errors="0">
<testcase name="Adaptive Logic Flow › should show conditional question when trigger condition is met" classname="questionnaire\adaptive.e2e.test.ts" time="0">
<skipped>
</skipped>
</testcase>
<testcase name="Adaptive Logic Flow › should skip conditional question when trigger condition is not met" classname="questionnaire\adaptive.e2e.test.ts" time="0">
<skipped>
</skipped>
</testcase>
<testcase name="Adaptive Logic Flow › should hide entire section based on branching logic" classname="questionnaire\adaptive.e2e.test.ts" time="0">
<skipped>
</skipped>
</testcase>
<testcase name="Adaptive Logic Flow › should show section when qualifying score is reached" classname="questionnaire\adaptive.e2e.test.ts" time="0">
<skipped>
</skipped>
</testcase>
<testcase name="Adaptive Logic Flow › should update progress correctly when questions are skipped" classname="questionnaire\adaptive.e2e.test.ts" time="0">
<skipped>
</skipped>
</testcase>
<testcase name="Adaptive Logic Flow › should handle nested conditional logic" classname="questionnaire\adaptive.e2e.test.ts" time="0">
<skipped>
</skipped>
</testcase>
<testcase name="Adaptive Logic Flow › should respect dimension-based visibility rules" classname="questionnaire\adaptive.e2e.test.ts" time="0">
<skipped>
</skipped>
</testcase>
<testcase name="Adaptive Logic Flow › should maintain skip state on navigation back" classname="questionnaire\adaptive.e2e.test.ts" time="0">
<skipped>
</skipped>
</testcase>
<testcase name="Adaptive Logic Flow › should display skip reason indicator" classname="questionnaire\adaptive.e2e.test.ts" time="0">
<skipped>
</skipped>
</testcase>
<testcase name="Adaptive Logic Flow › should handle multiple skip conditions (AND logic)" classname="questionnaire\adaptive.e2e.test.ts" time="0">
<skipped>
</skipped>
</testcase>
<testcase name="Adaptive Logic Flow › should handle multiple skip conditions (OR logic)" classname="questionnaire\adaptive.e2e.test.ts" time="0">
<skipped>
</skipped>
</testcase>
<testcase name="Section Visibility › should show section list with visibility indicators" classname="questionnaire\adaptive.e2e.test.ts" time="0">
<skipped>
</skipped>
</testcase>
<testcase name="Section Visibility › should update section visibility in real-time" classname="questionnaire\adaptive.e2e.test.ts" time="0">
<skipped>
</skipped>
</testcase>
<testcase name="Section Visibility › should complete questionnaire when all visible questions are answered" classname="questionnaire\adaptive.e2e.test.ts" time="0">
<skipped>
</skipped>
</testcase>
<testcase name="Adaptive Score Impact › should reflect skipped questions in final score calculation" classname="questionnaire\adaptive.e2e.test.ts" time="0">
<skipped>
</skipped>
</testcase>
<testcase name="Adaptive Score Impact › should show N/A for skipped dimension sections" classname="questionnaire\adaptive.e2e.test.ts" time="0">
<skipped>
</skipped>
</testcase>
</testsuite>
<testsuite name="questionnaire\complete-flow.e2e.test.ts" timestamp="2026-03-09T00:30:08.032Z" hostname="Mobile Safari" tests="26" failures="0" skipped="26" time="0" errors="0">
<testcase name="Complete Questionnaire Flow › should display questionnaire list" classname="questionnaire\complete-flow.e2e.test.ts" time="0">
<skipped>
</skipped>
</testcase>
<testcase name="Complete Questionnaire Flow › should start a new questionnaire session" classname="questionnaire\complete-flow.e2e.test.ts" time="0">
<skipped>
</skipped>
</testcase>
<testcase name="Complete Questionnaire Flow › should display progress counters" classname="questionnaire\complete-flow.e2e.test.ts" time="0">
<skipped>
</skipped>
</testcase>
<testcase name="Complete Questionnaire Flow › should answer BOOLEAN question type" classname="questionnaire\complete-flow.e2e.test.ts" time="0">
<skipped>
</skipped>
</testcase>
<testcase name="Complete Questionnaire Flow › should answer SCALE question type (1-5)" classname="questionnaire\complete-flow.e2e.test.ts" time="0">
<skipped>
</skipped>
</testcase>
<testcase name="Complete Questionnaire Flow › should answer TEXT question type" classname="questionnaire\complete-flow.e2e.test.ts" time="0">
<skipped>
</skipped>
</testcase>
<testcase name="Complete Questionnaire Flow › should answer SINGLE_CHOICE question type" classname="questionnaire\complete-flow.e2e.test.ts" time="0">
<skipped>
</skipped>
</testcase>
<testcase name="Complete Questionnaire Flow › should answer MULTIPLE_CHOICE question type" classname="questionnaire\complete-flow.e2e.test.ts" time="0">
<skipped>
</skipped>
</testcase>
<testcase name="Complete Questionnaire Flow › should answer DROPDOWN question type" classname="questionnaire\complete-flow.e2e.test.ts" time="0">
<skipped>
</skipped>
</testcase>
<testcase name="Complete Questionnaire Flow › should answer PERCENTAGE question type" classname="questionnaire\complete-flow.e2e.test.ts" time="0">
<skipped>
</skipped>
</testcase>
<testcase name="Complete Questionnaire Flow › should answer DATE question type" classname="questionnaire\complete-flow.e2e.test.ts" time="0">
<skipped>
</skipped>
</testcase>
<testcase name="Complete Questionnaire Flow › should answer NUMBER question type" classname="questionnaire\complete-flow.e2e.test.ts" time="0">
<skipped>
</skipped>
</testcase>
<testcase name="Complete Questionnaire Flow › should answer MATRIX question type" classname="questionnaire\complete-flow.e2e.test.ts" time="0">
<skipped>
</skipped>
</testcase>
<testcase name="Complete Questionnaire Flow › should handle FILE_UPLOAD question type" classname="questionnaire\complete-flow.e2e.test.ts" time="0">
<skipped>
</skipped>
</testcase>
<testcase name="Complete Questionnaire Flow › should navigate between questions" classname="questionnaire\complete-flow.e2e.test.ts" time="0">
<skipped>
</skipped>
</testcase>
<testcase name="Complete Questionnaire Flow › should skip optional questions" classname="questionnaire\complete-flow.e2e.test.ts" time="0">
<skipped>
</skipped>
</testcase>
<testcase name="Complete Questionnaire Flow › should show best practice guidance" classname="questionnaire\complete-flow.e2e.test.ts" time="0">
<skipped>
</skipped>
</testcase>
<testcase name="Complete Questionnaire Flow › should update progress as questions are answered" classname="questionnaire\complete-flow.e2e.test.ts" time="0">
<skipped>
</skipped>
</testcase>
<testcase name="Questionnaire Completion › should show completion screen when all questions answered" classname="questionnaire\complete-flow.e2e.test.ts" time="0">
<skipped>
</skipped>
</testcase>
<testcase name="Questionnaire Completion › should display score after completion" classname="questionnaire\complete-flow.e2e.test.ts" time="0">
<skipped>
</skipped>
</testcase>
<testcase name="Questionnaire Completion › should show score breakdown by dimension" classname="questionnaire\complete-flow.e2e.test.ts" time="0">
<skipped>
</skipped>
</testcase>
<testcase name="Questionnaire Completion › should allow viewing heatmap" classname="questionnaire\complete-flow.e2e.test.ts" time="0">
<skipped>
</skipped>
</testcase>
<testcase name="Questionnaire Completion › should save progress and resume later" classname="questionnaire\complete-flow.e2e.test.ts" time="0">
<skipped>
</skipped>
</testcase>
<testcase name="Question Validation › should validate required questions" classname="questionnaire\complete-flow.e2e.test.ts" time="0">
<skipped>
</skipped>
</testcase>
<testcase name="Question Validation › should validate percentage range (0-100)" classname="questionnaire\complete-flow.e2e.test.ts" time="0">
<skipped>
</skipped>
</testcase>
<testcase name="Question Validation › should validate text minimum length" classname="questionnaire\complete-flow.e2e.test.ts" time="0">
<skipped>
</skipped>
</testcase>
</testsuite>
<testsuite name="questionnaire\session-flow.e2e.test.ts" timestamp="2026-03-09T00:30:08.032Z" hostname="Mobile Safari" tests="11" failures="0" skipped="11" time="0" errors="0">
<testcase name="Questionnaire Session Flow › Starting a New Session › should display project types to choose from" classname="questionnaire\session-flow.e2e.test.ts" time="0">
<skipped>
</skipped>
</testcase>
<testcase name="Questionnaire Session Flow › Starting a New Session › should create new project and start questionnaire" classname="questionnaire\session-flow.e2e.test.ts" time="0">
<skipped>
</skipped>
</testcase>
<testcase name="Questionnaire Session Flow › Answering Questions › should display first question" classname="questionnaire\session-flow.e2e.test.ts" time="0">
<skipped>
</skipped>
</testcase>
<testcase name="Questionnaire Session Flow › Answering Questions › should accept text input answer" classname="questionnaire\session-flow.e2e.test.ts" time="0">
<skipped>
</skipped>
</testcase>
<testcase name="Questionnaire Session Flow › Answering Questions › should display progress indicator" classname="questionnaire\session-flow.e2e.test.ts" time="0">
<skipped>
</skipped>
</testcase>
<testcase name="Questionnaire Session Flow › Session Management › should save progress automatically" classname="questionnaire\session-flow.e2e.test.ts" time="0">
<skipped>
</skipped>
</testcase>
<testcase name="Questionnaire Session Flow › Session Management › should display existing projects in dashboard" classname="questionnaire\session-flow.e2e.test.ts" time="0">
<skipped>
</skipped>
</testcase>
<testcase name="Questionnaire Session Flow › Session Management › should be able to resume an existing project" classname="questionnaire\session-flow.e2e.test.ts" time="0">
<skipped>
</skipped>
</testcase>
<testcase name="Questionnaire Session Flow › Message Limit Handling › should display message count or limit indicator" classname="questionnaire\session-flow.e2e.test.ts" time="0">
<skipped>
</skipped>
</testcase>
<testcase name="Questionnaire Session Flow › Quality Score › should display quality score for project" classname="questionnaire\session-flow.e2e.test.ts" time="0">
<skipped>
</skipped>
</testcase>
<testcase name="Navigation Controls › should be able to navigate back to dashboard" classname="questionnaire\session-flow.e2e.test.ts" time="0">
<skipped>
</skipped>
</testcase>
</testsuite>
</testsuites>